2022/11/22 15:11:39 NOTICE: temp/sl.txt: Can't follow symlink without -L/--copy-links
2022/11/22 15:11:41 ERROR : rclone.log: Failed to copy: Post https://pod-040-2003-13.backblaze.com/b2api/v1/b2_upload_file/bd9ceef5e873604a84400c14/c004_v0402003_t0044: net/http: HTTP/1.x transport connection broken: http: ContentLength=72 with Body length 174
2022/11/22 15:11:49 ERROR : Encrypted drive 'b2-secret:windows/p': not deleting files as there were IO errors
2022/11/22 15:11:49 ERROR : Encrypted drive 'b2-secret:windows/p': not deleting directories as there were IO errors
2022/11/22 15:11:49 ERROR : Attempt 1/3 failed with 3 errors and: Post https://pod-040-2003-13.backblaze.com/b2api/v1/b2_upload_file/bd9ceef5e873604a84400c14/c004_v0402003_t0044: net/http: HTTP/1.x transport connection broken: http: ContentLength=72 with Body length 174
2022/11/22 15:11:52 NOTICE: temp/sl.txt: Can't follow symlink without -L/--copy-links
2022/11/22 15:11:53 ERROR : rclone.log: Failed to copy: Post https://pod-040-2009-08.backblaze.com/b2api/v1/b2_upload_file/bd9ceef5e873604a84400c14/c004_v0402009_t0058: net/http: HTTP/1.x transport connection broken: http: ContentLength=932 with Body length 1018
2022/11/22 15:11:53 ERROR : Encrypted drive 'b2-secret:windows/p': not deleting files as there were IO errors
2022/11/22 15:11:53 ERROR : Encrypted drive 'b2-secret:windows/p': not deleting directories as there were IO errors
2022/11/22 15:11:53 ERROR : Attempt 2/3 failed with 3 errors and: Post https://pod-040-2009-08.backblaze.com/b2api/v1/b2_upload_file/bd9ceef5e873604a84400c14/c004_v0402009_t0058: net/http: HTTP/1.x transport connection broken: http: ContentLength=932 with Body length 1018
2022/11/22 15:11:53 NOTICE: temp/sl.txt: Can't follow symlink without -L/--copy-links
2022/11/22 15:11:55 ERROR : rclone.log: Failed to copy: Post https://pod-040-2005-18.backblaze.com/b2api/v1/b2_upload_file/bd9ceef5e873604a84400c14/c004_v0402005_t0032: net/http: HTTP/1.x transport connection broken: http: ContentLength=1780 with Body length 1866
2022/11/22 15:11:55 ERROR : Encrypted drive 'b2-secret:windows/p': not deleting files as there were IO errors
2022/11/22 15:11:55 ERROR : Encrypted drive 'b2-secret:windows/p': not deleting directories as there were IO errors
2022/11/22 15:11:55 ERROR : Attempt 3/3 failed with 3 errors and: Post https://pod-040-2005-18.backblaze.com/b2api/v1/b2_upload_file/bd9ceef5e873604a84400c14/c004_v0402005_t0032: net/http: HTTP/1.x transport connection broken: http: ContentLength=1780 with Body length 1866
2022/11/22 15:11:55 Failed to sync with 3 errors: last error was: Post https://pod-040-2005-18.backblaze.com/b2api/v1/b2_upload_file/bd9ceef5e873604a84400c14/c004_v0402005_t0032: net/http: HTTP/1.x transport connection broken: http: ContentLength=1780 with Body length 1866
2022/11/22 15:14:56 NOTICE: temp/sl.txt: Can't follow symlink without -L/--copy-links
2022/11/22 15:14:58 ERROR : rclone.log: Failed to copy: Post https://pod-040-2009-13.backblaze.com/b2api/v1/b2_upload_file/bd9ceef5e873604a84400c14/c004_v0402009_t0042: net/http: HTTP/1.x transport connection broken: http: ContentLength=2904 with Body length 2990
2022/11/22 15:14:58 ERROR : Encrypted drive 'b2-secret:windows/p': not deleting files as there were IO errors
2022/11/22 15:14:58 ERROR : Encrypted drive 'b2-secret:windows/p': not deleting directories as there were IO errors
2022/11/22 15:14:58 ERROR : Attempt 1/3 failed with 3 errors and: Post https://pod-040-2009-13.backblaze.com/b2api/v1/b2_upload_file/bd9ceef5e873604a84400c14/c004_v0402009_t0042: net/http: HTTP/1.x transport connection broken: http: ContentLength=2904 with Body length 2990
2022/11/22 15:14:58 NOTICE: temp/sl.txt: Can't follow symlink without -L/--copy-links
2022/11/22 15:14:59 ERROR : rclone.log: Failed to copy: Post https://pod-040-2012-12.backblaze.com/b2api/v1/b2_upload_file/bd9ceef5e873604a84400c14/c004_v0402012_t0021: net/http: HTTP/1.x transport connection broken: http: ContentLength=3754 with Body length 3840
2022/11/22 15:14:59 ERROR : Encrypted drive 'b2-secret:windows/p': not deleting files as there were IO errors
2022/11/22 15:14:59 ERROR : Encrypted drive 'b2-secret:windows/p': not deleting directories as there were IO errors
2022/11/22 15:14:59 ERROR : Attempt 2/3 failed with 3 errors and: Post https://pod-040-2012-12.backblaze.com/b2api/v1/b2_upload_file/bd9ceef5e873604a84400c14/c004_v0402012_t0021: net/http: HTTP/1.x transport connection broken: http: ContentLength=3754 with Body length 3840
2022/11/22 15:15:00 NOTICE: temp/sl.txt: Can't follow symlink without -L/--copy-links
2022/11/22 15:15:01 ERROR : rclone.log: Failed to copy: Post https://pod-040-2007-19.backblaze.com/b2api/v1/b2_upload_file/bd9ceef5e873604a84400c14/c004_v0402007_t0057: net/http: HTTP/1.x transport connection broken: http: ContentLength=4604 with Body length 4690
2022/11/22 15:15:01 ERROR : Encrypted drive 'b2-secret:windows/p': not deleting files as there were IO errors
2022/11/22 15:15:01 ERROR : Encrypted drive 'b2-secret:windows/p': not deleting directories as there were IO errors
2022/11/22 15:15:01 ERROR : Attempt 3/3 failed with 3 errors and: Post https://pod-040-2007-19.backblaze.com/b2api/v1/b2_upload_file/bd9ceef5e873604a84400c14/c004_v0402007_t0057: net/http: HTTP/1.x transport connection broken: http: ContentLength=4604 with Body length 4690
2022/11/22 15:15:01 Failed to sync with 3 errors: last error was: Post https://pod-040-2007-19.backblaze.com/b2api/v1/b2_upload_file/bd9ceef5e873604a84400c14/c004_v0402007_t0057: net/http: HTTP/1.x transport connection broken: http: ContentLength=4604 with Body length 4690
2022/11/22 15:18:47 NOTICE: temp/sl.txt: Can't follow symlink without -L/--copy-links
