2023-04-27 23:26:05  WM_QUERYENDSESSION =====================================
2023-04-27 23:26:05  C:\Users\Mustafa\p\misc\npp\cloud\config.xml is opened.
2023-04-27 23:26:05  C:\Users\Mustafa\p\misc\npp\cloud\config.xml  8573/8573 bytes are written.
2023-04-27 23:26:05  C:\Users\Mustafa\p\misc\npp\cloud\config.xml is closed.
2023-04-27 23:26:05  C:\Users\Mustafa\AppData\Roaming\Notepad++\session.xml is opened.
2023-04-27 23:26:05  C:\Users\Mustafa\AppData\Roaming\Notepad++\session.xml  24803/24803 bytes are written.
2023-04-27 23:26:05  C:\Users\Mustafa\AppData\Roaming\Notepad++\session.xml is closed.
2023-04-27 23:26:05  WM_ENDSESSION
2023-04-27 23:26:05  WM_DESTROY
2023-05-10 14:03:39  WM_QUERYENDSESSION =====================================
2023-05-10 14:03:39  C:\Users\Mustafa\p\misc\npp\cloud\config.xml is opened.
2023-05-10 14:03:39  C:\Users\Mustafa\p\misc\npp\cloud\config.xml  8572/8572 bytes are written.
2023-05-10 14:03:39  C:\Users\Mustafa\p\misc\npp\cloud\config.xml is closed.
2023-05-10 14:03:39  C:\Users\Mustafa\AppData\Roaming\Notepad++\session.xml is opened.
2023-05-10 14:03:39  C:\Users\Mustafa\AppData\Roaming\Notepad++\session.xml  27762/27762 bytes are written.
2023-05-10 14:03:39  C:\Users\Mustafa\AppData\Roaming\Notepad++\session.xml is closed.
2023-05-10 14:03:39  WM_ENDSESSION
2023-05-10 14:03:39  WM_DESTROY
2023-06-12 20:19:41  WM_QUERYENDSESSION =====================================
2023-06-12 20:19:41  C:\Users\Mustafa\p\misc\npp\cloud\config.xml is opened.
2023-06-12 20:19:41  C:\Users\Mustafa\p\misc\npp\cloud\config.xml  8800/8800 bytes are written.
2023-06-12 20:19:41  C:\Users\Mustafa\p\misc\npp\cloud\config.xml is closed.
2023-06-12 20:19:41  C:\Users\Mustafa\AppData\Roaming\Notepad++\session.xml is opened.
2023-06-12 20:19:41  C:\Users\Mustafa\AppData\Roaming\Notepad++\session.xml  30743/30743 bytes are written.
2023-06-12 20:19:41  C:\Users\Mustafa\AppData\Roaming\Notepad++\session.xml is closed.
2023-06-12 20:19:41  WM_ENDSESSION
2023-06-12 20:19:41  WM_DESTROY
2023-06-13 13:11:19  WM_QUERYENDSESSION =====================================
2023-06-13 13:11:19  C:\Users\Mustafa\p\misc\npp\cloud\config.xml is opened.
2023-06-13 13:11:19  C:\Users\Mustafa\p\misc\npp\cloud\config.xml  8800/8800 bytes are written.
2023-06-13 13:11:19  C:\Users\Mustafa\p\misc\npp\cloud\config.xml is closed.
2023-06-13 13:11:19  C:\Users\Mustafa\AppData\Roaming\Notepad++\session.xml is opened.
2023-06-13 13:11:19  C:\Users\Mustafa\AppData\Roaming\Notepad++\session.xml  30743/30743 bytes are written.
2023-06-13 13:11:19  C:\Users\Mustafa\AppData\Roaming\Notepad++\session.xml is closed.
2023-06-13 13:11:19  WM_ENDSESSION
2023-06-13 13:11:19  WM_DESTROY
2023-06-19 13:44:02  WM_QUERYENDSESSION =====================================
2023-06-19 13:44:02  C:\Users\Mustafa\p\misc\npp\cloud\config.xml is opened.
2023-06-19 13:44:02  C:\Users\Mustafa\p\misc\npp\cloud\config.xml  8804/8804 bytes are written.
2023-06-19 13:44:02  C:\Users\Mustafa\p\misc\npp\cloud\config.xml is closed.
2023-06-19 13:44:02  C:\Users\Mustafa\AppData\Roaming\Notepad++\session.xml is opened.
2023-06-19 13:44:02  C:\Users\Mustafa\AppData\Roaming\Notepad++\session.xml  31339/31339 bytes are written.
2023-06-19 13:44:02  C:\Users\Mustafa\AppData\Roaming\Notepad++\session.xml is closed.
2023-06-19 13:44:02  WM_ENDSESSION
2023-06-19 13:44:02  WM_DESTROY
2023-06-28 23:03:58  WM_QUERYENDSESSION =====================================
2023-06-28 23:03:58  C:\Users\Mustafa\p\misc\npp\cloud\config.xml is opened.
2023-06-28 23:03:58  C:\Users\Mustafa\p\misc\npp\cloud\config.xml  8779/8779 bytes are written.
2023-06-28 23:03:58  C:\Users\Mustafa\p\misc\npp\cloud\config.xml is closed.
2023-06-28 23:03:58  C:\Users\Mustafa\AppData\Roaming\Notepad++\session.xml is opened.
2023-06-28 23:03:58  C:\Users\Mustafa\AppData\Roaming\Notepad++\session.xml  32589/32589 bytes are written.
2023-06-28 23:03:58  C:\Users\Mustafa\AppData\Roaming\Notepad++\session.xml is closed.
2023-06-28 23:03:58  WM_ENDSESSION
2023-06-28 23:03:58  WM_DESTROY
2023-07-02 14:59:35  WM_QUERYENDSESSION =====================================
2023-07-02 14:59:35  C:\Users\Mustafa\p\misc\npp\cloud\config.xml is opened.
2023-07-02 14:59:35  C:\Users\Mustafa\p\misc\npp\cloud\config.xml  8779/8779 bytes are written.
2023-07-02 14:59:35  C:\Users\Mustafa\p\misc\npp\cloud\config.xml is closed.
2023-07-02 14:59:35  C:\Users\Mustafa\AppData\Roaming\Notepad++\session.xml is opened.
2023-07-02 14:59:35  C:\Users\Mustafa\AppData\Roaming\Notepad++\session.xml  33183/33183 bytes are written.
2023-07-02 14:59:35  C:\Users\Mustafa\AppData\Roaming\Notepad++\session.xml is closed.
2023-07-02 14:59:35  WM_ENDSESSION
2023-07-02 14:59:35  WM_DESTROY
2023-07-15 13:27:07  WM_QUERYENDSESSION =====================================
2023-07-15 13:27:07  C:\Users\Mustafa\p\misc\npp\cloud\config.xml is opened.
2023-07-15 13:27:07  C:\Users\Mustafa\p\misc\npp\cloud\config.xml  8779/8779 bytes are written.
2023-07-19 00:46:36  WM_QUERYENDSESSION =====================================
2023-07-19 00:46:37  C:\Users\Mustafa\p\misc\npp\cloud\config.xml is opened.
2023-07-19 00:46:37  C:\Users\Mustafa\p\misc\npp\cloud\config.xml  8706/8706 bytes are written.
2023-07-19 00:46:37  C:\Users\Mustafa\p\misc\npp\cloud\config.xml is closed.
2023-07-19 00:46:37  C:\Users\Mustafa\AppData\Roaming\Notepad++\session.xml is opened.
2023-07-19 00:46:37  C:\Users\Mustafa\AppData\Roaming\Notepad++\session.xml  33185/33185 bytes are written.
2023-07-19 00:46:37  C:\Users\Mustafa\AppData\Roaming\Notepad++\session.xml is closed.
2023-07-19 00:46:37  WM_ENDSESSION
2023-07-19 00:46:37  WM_DESTROY
2023-07-25 01:04:17  WM_QUERYENDSESSION =====================================
2023-07-25 01:04:17  C:\Users\Mustafa\p\misc\npp\cloud\config.xml is opened.
2023-07-25 01:04:17  C:\Users\Mustafa\p\misc\npp\cloud\config.xml  8707/8707 bytes are written.
2023-07-25 01:04:17  C:\Users\Mustafa\p\misc\npp\cloud\config.xml is closed.
2023-07-25 01:04:17  C:\Users\Mustafa\AppData\Roaming\Notepad++\session.xml is opened.
2023-07-25 01:04:17  C:\Users\Mustafa\AppData\Roaming\Notepad++\session.xml  34347/34347 bytes are written.
2023-07-25 01:04:17  C:\Users\Mustafa\AppData\Roaming\Notepad++\session.xml is closed.
2023-07-25 01:04:17  WM_ENDSESSION
2023-07-25 01:04:17  WM_DESTROY
2023-08-09 19:53:01  WM_QUERYENDSESSION =====================================
2023-08-09 19:53:02  C:\Users\Mustafa\p\misc\npp\cloud\config.xml is opened.
2023-08-09 19:53:02  C:\Users\Mustafa\p\misc\npp\cloud\config.xml  8655/8655 bytes are written.
2023-08-09 19:53:02  C:\Users\Mustafa\p\misc\npp\cloud\config.xml is closed.
2023-08-09 19:53:02  C:\Users\Mustafa\AppData\Roaming\Notepad++\session.xml is opened.
2023-08-09 19:53:02  C:\Users\Mustafa\AppData\Roaming\Notepad++\session.xml  34944/34944 bytes are written.
2023-08-09 19:53:02  C:\Users\Mustafa\AppData\Roaming\Notepad++\session.xml is closed.
2023-08-09 19:53:02  WM_ENDSESSION
2023-08-09 19:53:02  WM_DESTROY
2023-08-10 19:01:48  WM_QUERYENDSESSION =====================================
2023-08-10 19:01:49  C:\Users\Mustafa\p\misc\npp\cloud\config.xml is opened.
2023-08-10 19:01:49  C:\Users\Mustafa\p\misc\npp\cloud\config.xml  8655/8655 bytes are written.
2023-08-10 19:01:49  C:\Users\Mustafa\p\misc\npp\cloud\config.xml is closed.
2023-08-10 19:01:49  C:\Users\Mustafa\AppData\Roaming\Notepad++\session.xml is opened.
2023-08-10 19:01:49  C:\Users\Mustafa\AppData\Roaming\Notepad++\session.xml  35538/35538 bytes are written.
2023-08-10 19:01:49  C:\Users\Mustafa\AppData\Roaming\Notepad++\session.xml is closed.
2023-08-10 19:01:49  WM_ENDSESSION
2023-08-10 19:01:49  WM_DESTROY
2023-08-27 14:49:37  WM_QUERYENDSESSION =====================================
2023-08-27 14:49:38  C:\Users\Mustafa\p\misc\npp\cloud\config.xml is opened.
2023-08-27 14:49:38  C:\Users\Mustafa\p\misc\npp\cloud\config.xml  8655/8655 bytes are written.
2023-08-27 14:49:38  C:\Users\Mustafa\p\misc\npp\cloud\config.xml is closed.
2023-08-27 14:49:38  C:\Users\Mustafa\AppData\Roaming\Notepad++\session.xml is opened.
2023-08-27 14:49:38  C:\Users\Mustafa\AppData\Roaming\Notepad++\session.xml  36727/36727 bytes are written.
2023-08-27 14:49:38  C:\Users\Mustafa\AppData\Roaming\Notepad++\session.xml is closed.
2023-08-27 14:49:38  WM_ENDSESSION
2023-08-27 14:49:38  WM_DESTROY
2023-09-12 14:14:25  WM_QUERYENDSESSION =====================================
2023-09-12 14:14:25  C:\Users\Mustafa\p\misc\npp\cloud\config.xml is opened.
2023-09-12 14:14:25  C:\Users\Mustafa\p\misc\npp\cloud\config.xml  8673/8673 bytes are written.
2023-09-12 14:14:25  C:\Users\Mustafa\p\misc\npp\cloud\config.xml is closed.
2023-09-12 14:14:25  C:\Users\Mustafa\AppData\Roaming\Notepad++\session.xml is opened.
2023-09-12 14:14:25  C:\Users\Mustafa\AppData\Roaming\Notepad++\session.xml  39157/39157 bytes are written.
2023-09-12 14:14:25  C:\Users\Mustafa\AppData\Roaming\Notepad++\session.xml is closed.
2023-09-12 14:14:25  WM_ENDSESSION
2023-09-12 14:14:25  WM_DESTROY
2023-10-05 19:54:26  WM_QUERYENDSESSION =====================================
2023-10-05 19:54:27  C:\Users\Mustafa\p\misc\npp\cloud\config.xml is opened.
2023-10-05 19:54:27  C:\Users\Mustafa\p\misc\npp\cloud\config.xml  8567/8567 bytes are written.
2023-10-05 19:54:27  C:\Users\Mustafa\p\misc\npp\cloud\config.xml is closed.
2023-10-05 19:54:27  C:\Users\Mustafa\AppData\Roaming\Notepad++\session.xml is opened.
2023-10-05 19:54:27  C:\Users\Mustafa\AppData\Roaming\Notepad++\session.xml  41615/41615 bytes are written.
2023-10-05 19:54:27  C:\Users\Mustafa\AppData\Roaming\Notepad++\session.xml is closed.
2023-10-05 19:54:27  WM_ENDSESSION
2023-10-05 19:54:27  WM_DESTROY
2023-10-11 00:43:42  WM_QUERYENDSESSION =====================================
2023-10-11 00:43:42  C:\Users\Mustafa\p\misc\npp\cloud\config.xml is opened.
2023-10-11 00:43:42  C:\Users\Mustafa\p\misc\npp\cloud\config.xml  8722/8722 bytes are written.
2023-10-11 00:43:42  C:\Users\Mustafa\p\misc\npp\cloud\config.xml is closed.
2023-10-11 00:43:42  C:\Users\Mustafa\AppData\Roaming\Notepad++\session.xml is opened.
2023-10-11 00:43:42  C:\Users\Mustafa\AppData\Roaming\Notepad++\session.xml  40359/40359 bytes are written.
2023-10-11 00:43:42  C:\Users\Mustafa\AppData\Roaming\Notepad++\session.xml is closed.
2023-10-11 00:43:42  WM_ENDSESSION
2023-10-11 00:43:42  WM_DESTROY
2023-10-17 14:41:27  WM_QUERYENDSESSION =====================================
2023-10-17 14:41:27  C:\Users\Mustafa\p\misc\npp\cloud\config.xml is opened.
2023-10-17 14:41:27  C:\Users\Mustafa\p\misc\npp\cloud\config.xml  8898/8898 bytes are written.
2023-10-17 14:41:28  C:\Users\Mustafa\p\misc\npp\cloud\config.xml is closed.
2023-10-17 14:41:28  C:\Users\Mustafa\AppData\Roaming\Notepad++\session.xml is opened.
2023-10-17 14:41:28  C:\Users\Mustafa\AppData\Roaming\Notepad++\session.xml  40359/40359 bytes are written.
2023-10-17 14:41:28  C:\Users\Mustafa\AppData\Roaming\Notepad++\session.xml is closed.
2023-10-17 14:41:28  WM_ENDSESSION
2023-10-17 14:41:28  WM_DESTROY
2023-10-27 17:52:29  WM_QUERYENDSESSION =====================================
2023-10-27 17:52:30  C:\Users\Mustafa\p\misc\npp\cloud\config.xml is opened.
2023-10-27 17:52:30  C:\Users\Mustafa\p\misc\npp\cloud\config.xml  8977/8977 bytes are written.
2023-10-27 17:52:30  C:\Users\Mustafa\p\misc\npp\cloud\config.xml is closed.
2023-10-27 17:52:30  C:\Users\Mustafa\AppData\Roaming\Notepad++\session.xml is opened.
2023-10-27 17:52:30  C:\Users\Mustafa\AppData\Roaming\Notepad++\session.xml  42201/42201 bytes are written.
2023-10-27 17:52:30  C:\Users\Mustafa\AppData\Roaming\Notepad++\session.xml is closed.
2023-10-27 17:52:30  WM_ENDSESSION
2023-10-27 17:52:30  WM_DESTROY
2023-11-15 13:50:23  WM_QUERYENDSESSION =====================================
2023-11-15 13:50:23  C:\Users\Mustafa\p\misc\npp\cloud\config.xml is opened.
2023-11-15 13:50:23  C:\Users\Mustafa\p\misc\npp\cloud\config.xml  8895/8895 bytes are written.
2023-11-15 13:50:23  C:\Users\Mustafa\p\misc\npp\cloud\config.xml is closed.
2023-11-15 13:50:23  C:\Users\Mustafa\AppData\Roaming\Notepad++\session.xml is opened.
2023-11-15 13:50:23  C:\Users\Mustafa\AppData\Roaming\Notepad++\session.xml  44583/44583 bytes are written.
2023-11-15 13:50:23  C:\Users\Mustafa\AppData\Roaming\Notepad++\session.xml is closed.
2023-11-15 13:50:23  WM_ENDSESSION
2023-11-15 13:50:23  WM_DESTROY
2023-11-15 22:39:46  WM_QUERYENDSESSION =====================================
2023-11-15 22:39:47  C:\Users\Mustafa\p\misc\npp\cloud\config.xml is opened.
2023-11-15 22:39:47  C:\Users\Mustafa\p\misc\npp\cloud\config.xml  8895/8895 bytes are written.
2023-11-15 22:39:47  C:\Users\Mustafa\p\misc\npp\cloud\config.xml is closed.
2023-11-15 22:39:47  C:\Users\Mustafa\AppData\Roaming\Notepad++\session.xml is opened.
2023-11-15 22:39:47  C:\Users\Mustafa\AppData\Roaming\Notepad++\session.xml  44587/44587 bytes are written.
2023-11-15 22:39:47  C:\Users\Mustafa\AppData\Roaming\Notepad++\session.xml is closed.
2023-11-15 22:39:47  WM_ENDSESSION
2023-11-15 22:39:47  WM_DESTROY
2023-12-12 14:06:51  WM_QUERYENDSESSION =====================================
2023-12-12 14:06:51  C:\Users\Mustafa\p\misc\npp\cloud\config.xml is opened.
2023-12-12 14:06:51  C:\Users\Mustafa\p\misc\npp\cloud\config.xml  8868/8868 bytes are written.
2023-12-12 14:06:51  C:\Users\Mustafa\p\misc\npp\cloud\config.xml is closed.
2023-12-12 14:06:51  C:\Users\Mustafa\AppData\Roaming\Notepad++\session.xml is opened.
2023-12-12 14:06:51  C:\Users\Mustafa\AppData\Roaming\Notepad++\session.xml  48814/48814 bytes are written.
2023-12-12 14:06:51  C:\Users\Mustafa\AppData\Roaming\Notepad++\session.xml is closed.
2023-12-12 14:06:51  WM_ENDSESSION
2023-12-12 14:06:51  WM_DESTROY
2023-12-17 04:52:01  WM_QUERYENDSESSION =====================================
2023-12-17 04:52:01  C:\Users\Mustafa\p\misc\npp\cloud\config.xml is opened.
2023-12-17 04:52:02  C:\Users\Mustafa\p\misc\npp\cloud\config.xml  8868/8868 bytes are written.
2023-12-17 04:52:02  C:\Users\Mustafa\p\misc\npp\cloud\config.xml is closed.
2023-12-17 04:52:02  C:\Users\Mustafa\AppData\Roaming\Notepad++\session.xml is opened.
2023-12-17 04:52:02  C:\Users\Mustafa\AppData\Roaming\Notepad++\session.xml  50006/50006 bytes are written.
2023-12-17 04:52:02  C:\Users\Mustafa\AppData\Roaming\Notepad++\session.xml is closed.
2023-12-17 04:52:02  WM_ENDSESSION
2023-12-17 04:52:02  WM_DESTROY
2023-12-27 00:41:56  WM_QUERYENDSESSION =====================================
2023-12-27 00:41:56  C:\Users\Mustafa\p\misc\npp\cloud\config.xml is opened.
2023-12-27 00:41:56  C:\Users\Mustafa\p\misc\npp\cloud\config.xml  8866/8866 bytes are written.
2023-12-27 00:41:56  C:\Users\Mustafa\p\misc\npp\cloud\config.xml is closed.
2023-12-27 00:41:56  C:\Users\Mustafa\AppData\Roaming\Notepad++\session.xml is opened.
2023-12-27 00:41:56  C:\Users\Mustafa\AppData\Roaming\Notepad++\session.xml  50658/50658 bytes are written.
2023-12-27 00:41:56  C:\Users\Mustafa\AppData\Roaming\Notepad++\session.xml is closed.
2023-12-27 00:41:56  WM_ENDSESSION
2023-12-27 00:41:57  WM_DESTROY
2024-01-02 10:42:58  WM_QUERYENDSESSION =====================================
2024-01-02 10:42:58  C:\Users\Mustafa\p\misc\npp\cloud\config.xml is opened.
2024-01-02 10:42:58  C:\Users\Mustafa\p\misc\npp\cloud\config.xml  8941/8941 bytes are written.
2024-01-02 10:42:58  C:\Users\Mustafa\p\misc\npp\cloud\config.xml is closed.
2024-01-02 10:42:58  C:\Users\Mustafa\AppData\Roaming\Notepad++\session.xml is opened.
2024-01-02 10:42:58  C:\Users\Mustafa\AppData\Roaming\Notepad++\session.xml  50656/50656 bytes are written.
2024-01-02 10:42:58  C:\Users\Mustafa\AppData\Roaming\Notepad++\session.xml is closed.
2024-01-02 10:42:58  WM_ENDSESSION
2024-01-02 10:42:58  WM_DESTROY
2024-01-10 19:15:48  WM_QUERYENDSESSION =====================================
2024-01-10 19:15:48  C:\Users\Mustafa\p\misc\npp\cloud\config.xml is opened.
2024-01-10 19:15:48  C:\Users\Mustafa\p\misc\npp\cloud\config.xml  8820/8820 bytes are written.
2024-01-10 19:15:48  C:\Users\Mustafa\p\misc\npp\cloud\config.xml is closed.
2024-01-10 19:15:48  C:\Users\Mustafa\AppData\Roaming\Notepad++\session.xml is opened.
2024-01-10 19:15:48  C:\Users\Mustafa\AppData\Roaming\Notepad++\session.xml  51258/51258 bytes are written.
2024-01-10 19:15:48  C:\Users\Mustafa\AppData\Roaming\Notepad++\session.xml is closed.
2024-01-10 19:15:48  WM_ENDSESSION
2024-01-10 19:15:48  WM_DESTROY
2024-01-11 19:25:26  WM_QUERYENDSESSION =====================================
2024-01-11 19:25:26  C:\Users\Mustafa\p\misc\npp\cloud\config.xml is opened.
2024-01-11 19:25:26  C:\Users\Mustafa\p\misc\npp\cloud\config.xml  8820/8820 bytes are written.
2024-01-11 19:25:26  C:\Users\Mustafa\p\misc\npp\cloud\config.xml is closed.
2024-01-11 19:25:26  C:\Users\Mustafa\AppData\Roaming\Notepad++\session.xml is opened.
2024-01-11 19:25:26  C:\Users\Mustafa\AppData\Roaming\Notepad++\session.xml  51853/51853 bytes are written.
2024-01-11 19:25:26  C:\Users\Mustafa\AppData\Roaming\Notepad++\session.xml is closed.
2024-01-11 19:25:26  WM_ENDSESSION
2024-01-11 19:25:26  WM_DESTROY
2024-01-26 00:49:28  WM_QUERYENDSESSION =====================================
2024-01-26 00:49:28  C:\Users\Mustafa\p\misc\npp\cloud\config.xml is opened.
2024-01-26 00:49:28  C:\Users\Mustafa\p\misc\npp\cloud\config.xml  8877/8877 bytes are written.
2024-01-26 00:49:29  C:\Users\Mustafa\p\misc\npp\cloud\config.xml is closed.
2024-01-26 00:49:29  C:\Users\Mustafa\AppData\Roaming\Notepad++\session.xml is opened.
2024-01-26 00:49:29  C:\Users\Mustafa\AppData\Roaming\Notepad++\session.xml  51851/51851 bytes are written.
2024-01-26 00:49:29  C:\Users\Mustafa\AppData\Roaming\Notepad++\session.xml is closed.
2024-01-26 00:49:29  WM_ENDSESSION
2024-01-26 00:49:29  WM_DESTROY
2024-01-29 16:19:08  WM_QUERYENDSESSION =====================================
2024-01-29 16:19:08  C:\Users\Mustafa\p\misc\npp\cloud\config.xml is opened.
2024-01-29 16:19:08  C:\Users\Mustafa\p\misc\npp\cloud\config.xml  8877/8877 bytes are written.
2024-01-29 16:19:08  C:\Users\Mustafa\p\misc\npp\cloud\config.xml is closed.
2024-01-29 16:19:08  C:\Users\Mustafa\AppData\Roaming\Notepad++\session.xml is opened.
2024-01-29 16:19:08  C:\Users\Mustafa\AppData\Roaming\Notepad++\session.xml  51851/51851 bytes are written.
2024-01-29 16:19:08  C:\Users\Mustafa\AppData\Roaming\Notepad++\session.xml is closed.
2024-01-29 16:19:08  WM_ENDSESSION
2024-01-29 16:19:08  WM_DESTROY
2024-02-02 12:46:48  WM_QUERYENDSESSION =====================================
2024-02-02 12:46:49  C:\Users\Mustafa\p\misc\npp\cloud\config.xml is opened.
2024-02-02 12:46:49  C:\Users\Mustafa\p\misc\npp\cloud\config.xml  8799/8799 bytes are written.
2024-02-02 12:46:49  C:\Users\Mustafa\p\misc\npp\cloud\config.xml is closed.
2024-02-02 12:46:49  C:\Users\Mustafa\AppData\Roaming\Notepad++\session.xml is opened.
2024-02-02 12:46:49  C:\Users\Mustafa\AppData\Roaming\Notepad++\session.xml  51850/51850 bytes are written.
2024-02-02 12:46:49  C:\Users\Mustafa\AppData\Roaming\Notepad++\session.xml is closed.
2024-02-02 12:46:49  WM_ENDSESSION
2024-02-02 12:46:49  WM_DESTROY
2024-02-09 01:04:05  WM_QUERYENDSESSION =====================================
2024-02-09 01:04:05  C:\Users\Mustafa\p\misc\npp\cloud\config.xml is opened.
2024-02-09 01:04:05  C:\Users\Mustafa\p\misc\npp\cloud\config.xml  8791/8791 bytes are written.
2024-02-09 01:04:05  C:\Users\Mustafa\p\misc\npp\cloud\config.xml is closed.
2024-02-09 01:04:05  C:\Users\Mustafa\AppData\Roaming\Notepad++\session.xml is opened.
2024-02-09 01:04:05  C:\Users\Mustafa\AppData\Roaming\Notepad++\session.xml  51852/51852 bytes are written.
2024-02-09 01:04:05  C:\Users\Mustafa\AppData\Roaming\Notepad++\session.xml is closed.
2024-02-09 01:04:05  WM_ENDSESSION
2024-02-09 01:04:05  WM_DESTROY
